BUILD LOG
---------
Build Time: 2020-05-29T05:59:08-0600

NODEJS INFORMATION
==================
nodejs: v10.20.1
copy-descriptor: 0.1.1
get-value: 2.0.6
jade: 0.26.3
object-copy: 0.1.0
static-extend: 0.1.2
mocha: 2.5.3
@types/connect: 3.4.33
@types/body-parser: 1.19.0
@types/express: 4.17.6
@types/express-serve-static-core: 4.17.7
@types/freeport: 1.0.21
@types/launchpad: 0.6.0
@types/mime: 2.0.2
@types/node: 14.0.5
@types/qs: 6.9.3
@types/range-parser: 1.2.3
@types/serve-static: 1.13.4
@types/which: 1.3.2
accepts: 1.3.7
adm-zip: 0.4.14
after: 0.8.2
align-text: 0.1.4
agent-base: 4.3.0
ansi-gray: 0.1.1
ansi-regex: 2.1.1
ansi-styles: 2.2.1
ansi-wrap: 0.1.0
append-field: 1.0.0
archiver: 0.14.4
archy: 1.0.0
arr-diff: 4.0.0
arr-flatten: 1.1.0
arr-union: 3.1.0
array-differ: 1.0.0
array-each: 1.0.1
array-filter: 1.0.0
array-slice: 1.1.0
array-flatten: 1.1.1
array-uniq: 1.0.3
array-unique: 0.3.2
arraybuffer.slice: 0.0.6
asn1: 0.2.4
assert-plus: 1.0.0
assertion-error: 1.1.0
assign-symbols: 1.0.0
asynckit: 0.4.0
available-typed-arrays: 1.0.2
aws-sign2: 0.7.0
aws4: 1.10.0
backo2: 1.0.2
balanced-match: 1.0.0
base64-arraybuffer: 0.1.5
base64-js: 1.2.0
base64id: 1.0.0
bcrypt-pbkdf: 1.0.2
beeper: 1.1.1
better-assert: 1.0.2
blob: 0.0.4
boxen: 0.3.1
brace-expansion: 1.1.11
buffer-crc32: 0.2.13
buffer-from: 1.1.1
bytes: 3.1.0
cache-base: 1.0.1
callsite: 1.0.0
camelcase: 1.2.1
capture-stack-trace: 1.0.1
caseless: 0.12.0
center-align: 0.1.3
chai: 3.5.0
chalk: 1.1.3
class-utils: 0.3.6
cleankill: 1.0.3
cliui: 2.1.0
clone: 1.0.4
clone-buffer: 1.0.0
clone-stats: 0.0.1
cloneable-readable: 1.1.3
code-point-at: 1.1.0
collection-visit: 1.0.0
color-convert: 1.9.3
color-name: 1.1.3
combined-stream: 1.0.8
commander: 2.3.0
component-bind: 1.0.0
component-emitter: 1.3.0
component-inherit: 0.0.3
compress-commons: 0.2.9
concat-map: 0.0.1
concat-stream: 1.6.2
concat-with-sourcemaps: 1.1.0
configstore: 2.1.0
content-disposition: 0.5.3
content-type: 1.0.4
cookie-signature: 1.0.6
core-util-is: 1.0.2
crc: 3.2.1
crc32-stream: 0.3.4
create-error-class: 3.0.2
cross-spawn: 6.0.5
cryptiles: 2.0.5
ctype: 0.5.3
dateformat: 2.2.0
deap: 1.0.1
decamelize: 1.2.0
debuglog: 1.0.1
decode-uri-component: 0.2.0
deep-eql: 0.1.3
deep-extend: 0.6.0
defaults: 1.0.3
define-properties: 1.1.3
define-property: 2.0.2
delayed-stream: 1.0.0
deprecated: 0.0.1
destroy: 1.0.4
detect-file: 1.0.0
dezalgo: 1.0.3
dicer: 0.2.5
diff: 1.4.0
dot-prop: 3.0.0
duplexer2: 0.0.2
ee-first: 1.1.1
ecc-jsbn: 0.1.2
end-of-stream: 0.1.5
encodeurl: 1.0.2
error-ex: 1.3.2
engine.io-parser: 1.3.2
es-abstract: 1.17.5
es-to-primitive: 1.2.1
es6-promise: 4.2.8
es6-promisify: 5.0.0
escape-html: 1.0.3
escape-string-regexp: 1.0.5
etag: 1.8.1
express: 4.17.1
expand-tilde: 2.0.2
extend: 3.0.2
extend-shallow: 3.0.2
extsprintf: 1.3.0
fancy-log: 1.3.3
fast-deep-equal: 3.1.1
fast-json-stable-stringify: 2.1.0
fd-slicer: 1.1.0
filled-array: 1.1.0
finalhandler: 1.1.2
find-index: 0.1.1
findup-sync: 2.0.0
fined: 1.2.0
first-chunk-stream: 1.0.0
flagged-respawn: 1.0.1
for-in: 1.0.2
for-own: 1.0.0
foreach: 2.0.5
forever-agent: 0.6.1
form-data: 2.3.3
formatio: 1.1.1
forwarded: 0.1.2
freeport: 1.0.5
fragment-cache: 0.2.1
fs-constants: 1.0.0
fresh: 0.5.2
fs.realpath: 1.0.0
function-bind: 1.1.1
generate-function: 2.3.1
gaze: 0.5.2
generate-object-property: 1.2.0
getpass: 0.1.7
github-url-from-git: 1.5.0
github-url-from-username-repo: 1.0.2
glob-stream: 3.1.18
glob-watcher: 0.0.6
glob2base: 0.0.12
global-modules: 1.0.0
global-prefix: 1.0.2
globule: 0.1.0
glogg: 1.0.2
graceful-fs: 3.0.12
growl: 1.9.2
gulp-audit: 1.0.0
gulp-concat: 2.6.1
gulp-header: 1.8.12
gulp-uglify: 1.5.4
gulp-util: 3.0.8
gulplog: 1.0.0
har-schema: 2.0.0
har-validator: 5.1.3
has: 1.0.3
has-ansi: 2.0.0
has-binary: 0.1.7
has-cors: 1.1.0
has-color: 0.1.7
has-flag: 3.0.0
has-gulplog: 0.1.0
has-symbols: 1.0.1
has-value: 1.0.0
has-values: 1.0.0
homedir-polyfill: 1.0.3
http-errors: 1.7.2
http-signature: 1.2.0
https-proxy-agent: 2.2.4
iconv-lite: 0.4.24
imurmurhash: 0.1.4
indexof: 0.0.1
inflight: 1.0.6
inherits: 2.0.4
ini: 1.3.5
interpret: 1.2.0
is-absolute: 1.0.0
is-accessor-descriptor: 0.1.6
is-arguments: 1.0.4
is-arrayish: 0.2.1
is-buffer: 1.1.6
is-callable: 1.1.5
is-data-descriptor: 0.1.4
is-date-object: 1.0.2
is-descriptor: 0.1.6
is-extendable: 0.1.1
is-extglob: 2.1.1
is-finite: 1.1.0
is-fullwidth-code-point: 1.0.0
is-generator-function: 1.0.7
is-glob: 3.1.0
is-my-json-valid: 2.20.0
is-my-ip-valid: 1.0.0
is-npm: 1.0.0
is-number: 3.0.0
is-obj: 1.0.1
is-plain-object: 2.0.4
is-property: 1.0.2
is-redirect: 1.0.0
is-regex: 1.0.5
is-relative: 1.0.0
is-retry-allowed: 1.2.0
is-stream: 1.1.0
is-symbol: 1.0.3
is-typed-array: 1.1.3
is-typedarray: 1.0.0
is-unc-path: 1.0.0
is-utf8: 0.2.1
is-windows: 1.0.2
isarray: 0.0.1
isexe: 2.0.0
isobject: 3.0.1
isstream: 0.1.2
jsbn: 0.1.1
json-parse-helpfulerror: 1.0.3
json-schema: 0.2.3
json-schema-traverse: 0.4.1
json-stringify-safe: 5.0.1
jsonpointer: 4.0.1
latest-version: 2.0.0
launchpad: 0.7.5
lazy-cache: 1.0.4
lazystream: 0.1.0
lodash._basecopy: 3.0.1
lodash: 1.0.2
lodash._basetostring: 3.0.1
lodash._basevalues: 3.0.0
lodash._getnative: 3.9.1
lodash._isiterateecall: 3.0.9
lodash._reescape: 3.0.0
lodash._reinterpolate: 3.0.0
lodash._reevaluate: 3.0.0
lodash._root: 3.0.1
lodash.escape: 3.2.0
lodash.isarguments: 3.1.0
lodash.isarray: 3.0.4
lodash.keys: 3.1.2
lodash.restparam: 3.6.1
lodash.template: 3.6.2
lodash.templatesettings: 3.1.1
lolex: 1.3.2
longest: 1.0.1
lowercase-keys: 1.0.1
lru-cache: 2.7.3
make-iterator: 1.0.1
map-cache: 0.2.2
map-visit: 1.0.0
media-typer: 0.3.0
merge-descriptors: 1.0.1
methods: 1.1.2
mime-db: 1.44.0
mime-types: 2.1.27
minimatch: 2.0.10
minimist: 1.2.5
mixin-deep: 1.3.2
ms: 2.0.0
multipipe: 0.1.2
natives: 1.1.6
negotiator: 0.6.2
nice-try: 1.0.5
node-int64: 0.3.3
node-status-codes: 1.0.0
nodegit-promise: 4.0.0
nomnom: 1.8.1
normalize-package-data: 1.0.3
number-is-nan: 1.0.1
oauth-sign: 0.9.0
object-assign: 3.0.0
object-component: 0.0.3
object-inspect: 1.7.0
object-keys: 1.1.1
object-visit: 1.0.1
object.assign: 4.1.0
object.defaults: 1.1.0
object.map: 1.0.1
object.pick: 1.3.0
on-finished: 2.3.0
once: 1.3.3
options: 0.0.6
ordered-read-streams: 0.1.0
os-homedir: 1.0.2
os-tmpdir: 1.0.2
osenv: 0.1.5
package-json: 2.4.0
parse-filepath: 1.0.2
parse-json: 2.2.0
parse-node-version: 1.0.1
parse-passwd: 1.0.0
parsejson: 0.0.3
parseqs: 0.0.5
parseuri: 0.0.5
parseurl: 1.3.3
pascalcase: 0.1.1
path-is-absolute: 1.0.1
path-key: 2.0.1
path-parse: 1.0.6
path-root: 0.1.1
path-root-regex: 0.1.2
path-to-regexp: 0.1.7
pend: 1.2.0
performance-now: 2.1.0
pinkie: 2.0.4
pinkie-promise: 2.0.1
plist: 2.1.0
posix-character-classes: 0.1.1
prepend-http: 1.0.4
pretty-hrtime: 1.0.3
process-nextick-args: 2.0.1
progress: 2.0.3
promisify-node: 0.4.0
proxy-addr: 2.0.6
psl: 1.8.0
punycode: 2.1.1
range-parser: 1.2.1
read-all-stream: 3.1.0
raw-body: 2.4.0
read-package-json: 1.3.3
read-installed: 3.1.5
readable-stream: 1.1.14
readdir-scoped-modules: 1.1.0
rechoir: 0.6.2
regex-not: 1.0.2
registry-auth-token: 3.4.0
registry-url: 3.1.0
remove-trailing-separator: 1.1.0
repeat-element: 1.1.3
repeat-string: 1.6.1
repeating: 2.0.1
replace-ext: 0.0.1
resolve-dir: 1.0.1
resolve-url: 0.2.1
ret: 0.1.15
right-align: 0.1.3
run-sequence: 1.2.2
safe-regex: 1.1.0
samsam: 1.1.2
sauce-connect-launcher: 1.3.2
semver-diff: 2.1.0
send: 0.11.1
sequencify: 0.0.7
serve-static: 1.14.1
serve-waterfall: 1.1.1
server-destroy: 1.0.1
set-value: 2.0.1
setprototypeof: 1.1.1
shebang-command: 1.2.0
shebang-regex: 1.0.0
sigmund: 1.0.1
slide: 1.1.6
sinon-chai: 2.14.0
sntp: 1.0.9
socket.io-adapter: 0.5.0
socket.io-client: 1.7.4
socket.io-parser: 2.3.1
source-map-url: 0.4.0
sparkles: 1.0.1
split-string: 3.1.0
stacky: 1.3.1
statuses: 1.5.0
stream-consume: 0.1.1
streamsearch: 0.1.2
string-width: 1.0.2
string.prototype.trimend: 1.0.1
string.prototype.trimright: 2.1.2
string.prototype.trimleft: 2.1.2
string.prototype.trimstart: 1.0.1
string_decoder: 0.10.31
stringstream: 0.0.6
strip-ansi: 3.0.1
strip-json-comments: 2.0.1
supports-color: 2.0.0
tar-stream: 2.0.0
test-fixture: 3.0.0-rc.1
through2: 2.0.5
tildify: 1.2.0
time-stamp: 1.1.0
timed-out: 3.1.3
to-array: 0.1.4
to-iso-string: 0.0.2
to-object-path: 0.3.0
to-regex: 3.0.2
toidentifier: 1.0.0
tunnel-agent: 0.6.0
type-detect: 1.0.0
type-is: 1.6.18
typedarray: 0.0.6
uglify-save-license: 0.4.1
uglify-to-browserify: 1.0.2
ultron: 1.0.2
unc-path-regex: 0.1.2
underscore: 1.6.0
union-value: 1.0.1
unique-stream: 1.0.0
unpipe: 1.0.0
unset-value: 1.0.0
unzip-response: 1.0.2
update-notifier: 0.6.3
uri-js: 4.2.2
urix: 0.1.0
url-parse-lax: 1.0.0
use: 3.1.1
util: 0.12.3
util-deprecate: 1.0.2
util-extend: 1.0.3
utils-merge: 1.0.1
uuid: 2.0.3
v8flags: 2.1.1
vary: 1.1.2
vargs: 0.1.0
vinyl: 0.5.3
vinyl-fs: 0.3.14
vinyl-sourcemaps-apply: 0.2.1
wct-local: 2.1.5
wct-sauce: 1.8.6
which-typed-array: 1.1.2
widest-line: 1.0.0
window-size: 0.1.0
wordwrap: 0.0.2
wrappy: 1.0.2
write-file-atomic: 1.3.4
ws: 1.1.5
wtf-8: 1.0.0
xdg-basedir: 2.0.0
xmlbuilder: 8.2.2
xmldom: 0.1.31
xmlhttprequest-ssl: 1.5.3
xtend: 4.0.2
yeast: 0.1.2
zip-stream: 0.5.2
accessibility-developer-tools: 2.12.0
asap: 2.0.6
atob: 2.1.2
bl: 2.2.0
busboy: 0.2.14
color-support: 1.1.3
cookie: 0.4.0
depd: 1.1.2
engine.io-client: 1.8.5
expand-brackets: 2.1.4
extglob: 2.0.4
fill-range: 4.0.0
glob: 4.5.3
got: 5.7.1
gulp: 3.9.1
ipaddr.js: 1.9.1
jju: 1.4.0
json3: 3.3.2
jsprim: 1.4.1
kind-of: 6.0.3
liftoff: 2.5.0
mime: 1.6.0
mkdirp: 0.5.5
multer: 1.4.2
node-uuid: 1.4.8
orchestrator: 0.3.8
rc: 1.2.8
resolve: 1.17.0
rimraf: 3.0.2
safer-buffer: 2.1.2
sinon: 1.17.7
snapdragon: 0.8.2
snapdragon-node: 2.1.1
socket.io: 1.7.4
source-map-resolve: 0.5.3
strip-bom: 1.0.0
temp: 0.8.4
to-regex-range: 2.1.1
tweetnacl: 0.14.5
urijs: 1.19.2
user-home: 1.1.1
which: 1.3.1
base: 0.11.2
body-parser: 1.19.0
boom: 2.10.1
braces: 2.3.2
browserstack: 1.6.0
dashdash: 1.14.1
debug: 2.6.9
engine.io: 1.8.5
hoek: 2.16.3
qs: 6.7.0
safe-buffer: 5.1.2
selenium-standalone: 6.17.0
semver: 4.3.6
snapdragon-util: 3.0.1
source-map: 0.5.7
underscore.string: 3.0.3
verror: 1.10.0
web-component-tester: 4.3.7
yargs: 3.10.0
bluebird: 2.11.0
hawk: 2.3.1
q: 1.5.1
tough-cookie: 2.4.3
wd: 0.3.12
yauzl: 2.10.0
micromatch: 3.1.10
nanomatch: 1.2.13
sshpk: 1.16.1
request: 2.88.0
uglify-js: 2.6.4
async: 0.9.2
ajv: 6.12.2

REPO REVISIONS
==============
webcomponentsjs: 5b704766f79d6aa609cfe858fd564cb27e835a65

BUILD HASHES
============
CustomElements.js: 25a1365325802701129c373fe8cd1cc6fb8dc7b8
CustomElements.min.js: 8ba51593442581083eff0375c3561ade45f073ac
HTMLImports.js: 4e8effec5962e57dd5b249abebe5138b40aeb375
HTMLImports.min.js: 23d1ae8063041d24c5e834c864019c821925abf4
MutationObserver.js: 67ace4325ab251674a72d916cd42ae25767c4253
MutationObserver.min.js: 76b2f12f467b9980cecd4d3df7da9ce617425600
ShadowDOM.js: a24d8c27be8b036ef17d0c945ea956f434926f3c
ShadowDOM.min.js: 1c2a1120b65851df6ab63f8cc1ae55ecdcf03349
webcomponents-lite.js: 0f4336efb5531558a61f7cc8a6687356f007a3f1
webcomponents-lite.min.js: a14affe6cd528d76fc36a3d923c3dc24b92178ab
webcomponents.js: 8547384187f00620ac45c99ec17291a79e7b1d1a
webcomponents.min.js: 05dc3c631c399b364be30909b6a0c25b56cc87d8